[2026-01-06 16:05:33]
Command: C:\Program Files\TortoiseSVN\bin\svn.exe commit -m 情人节活动-m1-添加打印
WorkDir: D:\Project\开发分支\web\vue\normal\love2026.Path
ExitCode: 
--- STDOUT ---
Replacing      css
Adding         css\610.09ccef8a.css
Adding         css\632.39cfe31e.css
Adding         css\854.30e73da3.css
Adding         css\928.56bf86fd.css
Adding         css\app-017397ff.ebba411a.css
Adding         css\app-22b2c47c.d52f2eab.css
Adding         css\chunk-vantUI.dc8984d1.css
Replacing      favicon.ico
Replacing      fonts
Adding  (bin)  fonts\Akrobat-Black.d8c0549f.otf
Replacing      img
Adding  (bin)  img\back_1.f1d7d95c.png
Adding  (bin)  img\back_2.e59d83a0.png
Adding  (bin)  img\back_3.344c0e30.png
Adding  (bin)  img\back_4.3f760f52.png
Adding  (bin)  img\banner.770a3190.png
Adding  (bin)  img\chat_room_bg.1a47927d.png
Adding  (bin)  img\cp_card_bg.34dd2acc.png
Adding  (bin)  img\drwqtz01_120_120.eac7542b.png
Adding  (bin)  img\drwqtz02_120_120.97408767.png
Adding  (bin)  img\fsjc_120_120.7e5d2db0.png
Adding  (bin)  img\gjsc_120_120.b7a4a22c.png
Adding  (bin)  img\hypp_120_120.af897558.png
Adding  (bin)  img\jgsh_120_120.b24524af.png
Adding  (bin)  img\jqrm_120_120.673a1b2b.png
Adding  (bin)  img\jylytz02_120_120.21041fa9.png
Adding  (bin)  img\larj_120_120.bbc960ef.png
Adding  (bin)  img\llqy_120_120.7789d12b.png
Adding  (bin)  img\lmdc_120_120.7eb6d68b.png
Adding  (bin)  img\mk1_1.ca0513c6.png
Adding  (bin)  img\mk1_12.6437341c.png
Adding  (bin)  img\mk1_2.4b6aacd3.png
Adding  (bin)  img\mk1_3.41adb6af.png
Adding  (bin)  img\mk1_8.7cc2fa50.png
Adding  (bin)  img\mk1_tab1.a0eb9a4c.png
Adding  (bin)  img\mk1_tab1_1.218d73c7.png
Adding  (bin)  img\mk1_tab2.79f8eba2.png
Adding  (bin)  img\mk1_tab2_1.63f969f7.png
Adding  (bin)  img\mk1_tab3.bc2d2ada.png
Adding  (bin)  img\mk1_tab3_1.7a2e0ef9.png
Adding  (bin)  img\mk2_17.b3d9d5fd.png
Adding  (bin)  img\mk2_18.89cb3006.png
Adding  (bin)  img\mk2_19.1421e441.png
Adding  (bin)  img\mk2_20.775b4a9a.png
Adding  (bin)  img\mk2_21.7b610080.png
Adding  (bin)  img\mk3_1.3b61117c.png
Adding  (bin)  img\mk3_2.e18a4e7f.png
Adding  (bin)  img\mk3_3.7cfdf7c8.png
Adding  (bin)  img\mk3_4.e6ba3d17.png
Adding  (bin)  img\mk3_5.6a3a03e5.png
Adding  (bin)  img\mk4_12.be55f722.png
Adding  (bin)  img\mk4_15.cf92ce03.png
Adding  (bin)  img\mk4_2.f80382f3.png
Adding  (bin)  img\mk4_23.ee7c5652.png
Adding  (bin)  img\mk4_24.9846bec0.png
Adding  (bin)  img\mk4_3.931ddb3f.png
Adding  (bin)  img\mk4_4.10f4320f.png
Adding  (bin)  img\mk6_22.b14ba20d.png
Adding  (bin)  img\mk6_23.9a3d1548.png
Adding  (bin)  img\mk6_23_1.e6b708cf.png
Adding  (bin)  img\mk6_24.d22ae995.png
Adding  (bin)  img\mk6_25.07b4f948.png
Adding  (bin)  img\mk6_25_1.361543ed.png
Adding  (bin)  img\mk6_26.12cfb447.png
Adding  (bin)  img\mk6_27.2e1095d8.png
Adding  (bin)  img\mk6_27_1.7f673d19.png
Adding  (bin)  img\mk6_36.e5422783.png
Adding  (bin)  img\mk6_38.71ba490b.png
Adding  (bin)  img\mk6_6.286a37f7.png
Adding  (bin)  img\mk6_8.bbfed803.png
Adding  (bin)  img\mk6_tab1.663fb985.png
Adding  (bin)  img\mk6_tab1_1.e1e544f8.png
Adding  (bin)  img\mk6_tab2.6eccceca.png
Adding  (bin)  img\mk6_tab2_1.8a512e8b.png
Adding  (bin)  img\mk7_1.05e97d2f.png
Adding  (bin)  img\mk7_14.1bb662da.png
Adding  (bin)  img\mk7_16.0e53225b.png
Adding  (bin)  img\mk7_18.db007c9a.png
Adding  (bin)  img\mk7_2.56b95b69.png
Adding  (bin)  img\mk7_36.e6389298.png
Adding  (bin)  img\mk7_38.a364c650.png
Adding  (bin)  img\mk7_6.be7f35b8.png
Adding  (bin)  img\mk7_8.63d816c0.png
Adding  (bin)  img\mrxy_120_120.e0d62828.png
Adding  (bin)  img\nqqkl_120_120.57663bb3.png
Adding  (bin)  img\pet_1_0_0_0_0.e0d06ee2.png
Adding  (bin)  img\pet_1_1_0_0_0.e0d06ee2.png
Adding  (bin)  img\pet_1_1_1_0_0.05512927.png
Adding  (bin)  img\pet_1_1_1_1_0.ebd0f440.png
Adding  (bin)  img\pet_1_1_1_1_1.1a67004b.png
Adding  (bin)  img\pet_1_2_0_0_0.e0d06ee2.png
Adding  (bin)  img\pet_1_2_1_0_0.797976ea.png
Adding  (bin)  img\pet_1_2_1_1_0.1d991139.png
Adding  (bin)  img\pet_1_2_1_1_1.bec21ad8.png
Adding  (bin)  img\pet_1_3_0_0_0.e0d06ee2.png
Adding  (bin)  img\pet_1_3_1_0_0.9d39a3bc.png
Adding  (bin)  img\pet_1_3_1_1_0.0614c07a.png
Adding  (bin)  img\pet_1_3_1_1_1.dcb10f49.png
Adding  (bin)  img\pet_1_4_0_0_0.e0d06ee2.png
Adding  (bin)  img\pet_1_4_1_0_0.bdd21a88.png
Adding  (bin)  img\pet_1_4_1_1_0.93259cc9.png
Adding  (bin)  img\pet_1_4_1_1_1.592bca83.png
Adding  (bin)  img\pet_2_1_0_0_0.2320c7b1.png
Adding  (bin)  img\pet_2_1_1_0_0.067baf87.png
Adding  (bin)  img\pet_2_1_1_1_0.af375c6e.png
Adding  (bin)  img\pet_2_1_1_1_1.ec9ac4c6.png
Adding  (bin)  img\petbook_1_0_0_0_0.9e7a63ed.png
Adding  (bin)  img\petbook_1_1_0_0_0.9e7a63ed.png
Adding  (bin)  img\petbook_1_1_1_0_0.4e37c036.png
Adding  (bin)  img\petbook_1_1_1_1_0.2fa94692.png
Adding  (bin)  img\petbook_1_1_1_1_1.9ae8d5a2.png
Adding  (bin)  img\petbook_1_2_0_0_0.9e7a63ed.png
Adding  (bin)  img\petbook_1_2_1_0_0.1c711117.png
Adding  (bin)  img\petbook_1_2_1_1_0.927d2990.png
Adding  (bin)  img\petbook_1_2_1_1_1.558fb422.png
Adding  (bin)  img\petbook_1_3_0_0_0.9e7a63ed.png
Adding  (bin)  img\petbook_1_3_1_0_0.83528545.png
Adding  (bin)  img\petbook_1_3_1_1_0.94cafe50.png
Adding  (bin)  img\petbook_1_3_1_1_1.bbc5b495.png
Adding  (bin)  img\petbook_1_4_0_0_0.9e7a63ed.png
Adding  (bin)  img\petbook_1_4_1_0_0.0d68601d.png
Adding  (bin)  img\petbook_1_4_1_1_0.5f9786df.png
Adding  (bin)  img\petbook_1_4_1_1_1.ee7848c6.png
Adding  (bin)  img\petbook_2_1_0_0_0.ff6d2908.png
Adding  (bin)  img\petbook_2_1_1_0_0.aeeb2f52.png
Adding  (bin)  img\petbook_2_1_1_1_0.c7dadbe5.png
Adding  (bin)  img\petbook_2_1_1_1_1.6fa434ae.png
Adding  (bin)  img\prxd_120_120.04207457.png
Adding  (bin)  img\ptsc_120_120.b5130ea7.png
Adding  (bin)  img\pyd_120_120.4fa973a7.png
Adding  (bin)  img\qdxs_120_120.edb5a3a9.png
Adding  (bin)  img\room_suit_bg.7566be28.png
Adding  (bin)  img\shx_120_120.5ca23ae7.png
Adding  (bin)  img\tab_1.1ed0ddcf.png
Adding  (bin)  img\tab_1_1.43765ac3.png
Adding  (bin)  img\tab_2.d74a2dae.png
Adding  (bin)  img\tab_2_1.c87ea464.png
Adding  (bin)  img\tab_3.e3e9cd17.png
Adding  (bin)  img\tab_3_1.3c00c6e3.png
Adding  (bin)  img\tab_4.2364244b.png
Adding  (bin)  img\tab_4_1.7dbdcaff.png
Adding  (bin)  img\tab_5.a45b0bbe.png
Adding  (bin)  img\tab_5_1.c4db52b7.png
Adding  (bin)  img\tab_6.c6f2fc48.png
Adding  (bin)  img\tab_6_1.e86c0781.png
Adding  (bin)  img\tab_7.03436991.png
Adding  (bin)  img\tab_7_1.f1c00b4e.png
Adding  (bin)  img\title_1.0d9de15c.png
Adding  (bin)  img\title_10.29bcc792.png
Adding  (bin)  img\title_11.c2d0e667.png
Adding  (bin)  img\title_2.3b8dc833.png
Adding  (bin)  img\title_20.dac49ec9.png
Adding  (bin)  img\title_21.426cf35d.png
Adding  (bin)  img\title_22.81e6e45c.png
Adding  (bin)  img\title_23.17e139ca.png
Adding  (bin)  img\title_24.806c38b9.png
Adding  (bin)  img\title_25.3c5106dc.png
Adding  (bin)  img\title_26.fec86017.png
Adding  (bin)  img\title_27.343cab4e.png
Adding  (bin)  img\title_28.06e30179.png
Adding  (bin)  img\title_29.3735d117.png
Adding  (bin)  img\title_3.f8b68985.png
Adding  (bin)  img\title_30.1d398377.png
Adding  (bin)  img\title_31.2f2ac651.png
Adding  (bin)  img\title_32.1cd95d13.png
Adding  (bin)  img\title_33.c5df86c9.png
Adding  (bin)  img\title_34.98d9a4d8.png
Adding  (bin)  img\title_35.03263459.png
Adding  (bin)  img\title_36.f54e9037.png
Adding  (bin)  img\title_37.71710a26.png
Adding  (bin)  img\title_38.f743cb44.png
Adding  (bin)  img\title_39.78140620.png
Adding  (bin)  img\title_4.a4fd77f1.png
Adding  (bin)  img\title_40.e8c17345.png
Adding  (bin)  img\title_41.f54e9037.png
Adding  (bin)  img\title_42.e7d3dfb4.png
Adding  (bin)  img\title_5.6fbe80f9.png
Adding  (bin)  img\title_6.4c6e0446.png
Adding  (bin)  img\title_7.afa48dd2.png
Adding  (bin)  img\title_8.27c0aea3.png
Adding  (bin)  img\title_9.a1e75370.png
Adding  (bin)  img\tk_1.db3a80e1.png
Adding  (bin)  img\tk_10.27b8af66.png
Adding  (bin)  img\tk_13.7af577b0.png
Adding  (bin)  img\tk_18.a9922bb1.png
Adding  (bin)  img\tk_19.25914264.png
Adding  (bin)  img\tk_1_1.255be94d.png
Adding  (bin)  img\tk_2.22906b3c.png
Adding  (bin)  img\tk_2_1.a520b718.png
Adding  (bin)  img\tk_3.e4dc1079.png
Adding  (bin)  img\tk_3_1.426769f6.png
Adding  (bin)  img\tk_3_2.1bbdf89e.png
Adding  (bin)  img\tk_3_3.3b5646b8.png
Adding  (bin)  img\tk_4.51b9d0f0.png
Adding  (bin)  img\tk_46.49bdaa9b.png
Adding  (bin)  img\tk_47.871161d0.png
Adding  (bin)  img\tk_5.5d57cd60.png
Adding  (bin)  img\tk_53.5bbabe49.png
Adding  (bin)  img\tk_9.12cab12f.png
Adding  (bin)  img\txj_120_120.2578033d.png
Adding  (bin)  img\user_main_bg.85476a0e.png
Adding  (bin)  img\xhtg_120_120.37f8098d.png
Adding  (bin)  img\zjsc_120_120.7e007ab6.png
Adding  (bin)  img\zs_3.f1b53952.png
Adding  (bin)  img\zs_4.d0bb4e8a.png
Adding  (bin)  img\zxqy_120_120.97657a4b.png
Replacing      index.html
Replacing      js
Adding         js\610-legacy.7be5a7a2.js
Adding         js\610.7be5a7a2.js
Adding         js\632-legacy.9c16e6b0.js
Adding         js\632.9c16e6b0.js
Adding         js\854-legacy.64fc8c93.js
Adding         js\854.64fc8c93.js
Adding         js\928-legacy.a9991fb0.js
Adding         js\928.a9991fb0.js
Adding         js\app-22b2c47c-legacy.2eebce23.js
Adding         js\app-22b2c47c.5f1708d9.js
Adding         js\app-47f7b03a-legacy.2ed64209.js
Adding         js\app-47f7b03a.2ed64209.js
Adding         js\app-49eac513-legacy.e08984a1.js
Adding         js\app-49eac513.e08984a1.js
Adding         js\app-4a64292c-legacy.180e4a7d.js
Adding         js\app-4a64292c.180e4a7d.js
Adding         js\app-5c551db8-legacy.f243037e.js
Adding         js\app-5c551db8.f243037e.js
Adding         js\app-9b3b68d6-legacy.e7ee52f5.js
Adding         js\app-9b3b68d6.e7ee52f5.js
Adding         js\app-b2257a7e-legacy.6eee7ffc.js
Adding         js\app-b2257a7e.6eee7ffc.js
Adding         js\app-d87c119a-legacy.c44cdd52.js
Adding         js\app-d87c119a.c44cdd52.js
Adding         js\app-e843a397-legacy.5d06c09c.js
Adding         js\app-e843a397.5d06c09c.js
Adding         js\app-ee1946ee-legacy.1aa15b90.js
Adding         js\app-ee1946ee.1aa15b90.js
Adding         js\app-f0351e48-legacy.e0fc9e25.js
Adding         js\app-f0351e48.e0fc9e25.js
Adding         js\chunk-libs-1656f0b4-legacy.804763ed.js
Adding         js\chunk-libs-1656f0b4.804763ed.js
Adding         js\chunk-libs-20e1a5b9-legacy.6cb509a8.js
Adding         js\chunk-libs-20e1a5b9.6cb509a8.js
Adding         js\chunk-libs-23132e4f-legacy.c3a9c2ad.js
Adding         js\chunk-libs-23132e4f.c3a9c2ad.js
Adding         js\chunk-libs-7a6313df-legacy.a7b5feeb.js
Adding         js\chunk-libs-7a6313df.a7b5feeb.js
Adding         js\chunk-libs-ad6a2f20-legacy.c17ec137.js
Adding         js\chunk-libs-ad6a2f20.c17ec137.js
Adding         js\chunk-vantUI-legacy.b299bedb.js
Adding         js\chunk-vantUI.b299bedb.js
Transmitting file data .......................................................................................................................................................................................................................................................done
Committing transaction...
Committed revision 51065.

--- STDERR ---
--- END ---

[2026-01-06 16:11:32]
Command: C:\Program Files\TortoiseSVN\bin\svn.exe commit -m 情人节活动-m1-添加打印
WorkDir: D:\Project\开发分支\web\vue\normal\love2026
ExitCode: 0
--- STDOUT ---
Replacing      css
Adding         css\610.09ccef8a.css
Adding         css\632.39cfe31e.css
Adding         css\854.30e73da3.css
Adding         css\928.56bf86fd.css
Adding         css\app-017397ff.ebba411a.css
Adding         css\app-22b2c47c.d52f2eab.css
Adding         css\chunk-vantUI.dc8984d1.css
Replacing      favicon.ico
Replacing      fonts
Adding  (bin)  fonts\Akrobat-Black.d8c0549f.otf
Replacing      img
Adding  (bin)  img\back_1.f1d7d95c.png
Adding  (bin)  img\back_2.e59d83a0.png
Adding  (bin)  img\back_3.344c0e30.png
Adding  (bin)  img\back_4.3f760f52.png
Adding  (bin)  img\banner.770a3190.png
Adding  (bin)  img\chat_room_bg.1a47927d.png
Adding  (bin)  img\cp_card_bg.34dd2acc.png
Adding  (bin)  img\drwqtz01_120_120.eac7542b.png
Adding  (bin)  img\drwqtz02_120_120.97408767.png
Adding  (bin)  img\fsjc_120_120.7e5d2db0.png
Adding  (bin)  img\gjsc_120_120.b7a4a22c.png
Adding  (bin)  img\hypp_120_120.af897558.png
Adding  (bin)  img\jgsh_120_120.b24524af.png
Adding  (bin)  img\jqrm_120_120.673a1b2b.png
Adding  (bin)  img\jylytz02_120_120.21041fa9.png
Adding  (bin)  img\larj_120_120.bbc960ef.png
Adding  (bin)  img\llqy_120_120.7789d12b.png
Adding  (bin)  img\lmdc_120_120.7eb6d68b.png
Adding  (bin)  img\mk1_1.ca0513c6.png
Adding  (bin)  img\mk1_12.6437341c.png
Adding  (bin)  img\mk1_2.4b6aacd3.png
Adding  (bin)  img\mk1_3.41adb6af.png
Adding  (bin)  img\mk1_8.7cc2fa50.png
Adding  (bin)  img\mk1_tab1.a0eb9a4c.png
Adding  (bin)  img\mk1_tab1_1.218d73c7.png
Adding  (bin)  img\mk1_tab2.79f8eba2.png
Adding  (bin)  img\mk1_tab2_1.63f969f7.png
Adding  (bin)  img\mk1_tab3.bc2d2ada.png
Adding  (bin)  img\mk1_tab3_1.7a2e0ef9.png
Adding  (bin)  img\mk2_17.b3d9d5fd.png
Adding  (bin)  img\mk2_18.89cb3006.png
Adding  (bin)  img\mk2_19.1421e441.png
Adding  (bin)  img\mk2_20.775b4a9a.png
Adding  (bin)  img\mk2_21.7b610080.png
Adding  (bin)  img\mk3_1.3b61117c.png
Adding  (bin)  img\mk3_2.e18a4e7f.png
Adding  (bin)  img\mk3_3.7cfdf7c8.png
Adding  (bin)  img\mk3_4.e6ba3d17.png
Adding  (bin)  img\mk3_5.6a3a03e5.png
Adding  (bin)  img\mk4_12.be55f722.png
Adding  (bin)  img\mk4_15.cf92ce03.png
Adding  (bin)  img\mk4_2.f80382f3.png
Adding  (bin)  img\mk4_23.ee7c5652.png
Adding  (bin)  img\mk4_24.9846bec0.png
Adding  (bin)  img\mk4_3.931ddb3f.png
Adding  (bin)  img\mk4_4.10f4320f.png
Adding  (bin)  img\mk6_22.b14ba20d.png
Adding  (bin)  img\mk6_23.9a3d1548.png
Adding  (bin)  img\mk6_23_1.e6b708cf.png
Adding  (bin)  img\mk6_24.d22ae995.png
Adding  (bin)  img\mk6_25.07b4f948.png
Adding  (bin)  img\mk6_25_1.361543ed.png
Adding  (bin)  img\mk6_26.12cfb447.png
Adding  (bin)  img\mk6_27.2e1095d8.png
Adding  (bin)  img\mk6_27_1.7f673d19.png
Adding  (bin)  img\mk6_36.e5422783.png
Adding  (bin)  img\mk6_38.71ba490b.png
Adding  (bin)  img\mk6_6.286a37f7.png
Adding  (bin)  img\mk6_8.bbfed803.png
Adding  (bin)  img\mk6_tab1.663fb985.png
Adding  (bin)  img\mk6_tab1_1.e1e544f8.png
Adding  (bin)  img\mk6_tab2.6eccceca.png
Adding  (bin)  img\mk6_tab2_1.8a512e8b.png
Adding  (bin)  img\mk7_1.05e97d2f.png
Adding  (bin)  img\mk7_14.1bb662da.png
Adding  (bin)  img\mk7_16.0e53225b.png
Adding  (bin)  img\mk7_18.db007c9a.png
Adding  (bin)  img\mk7_2.56b95b69.png
Adding  (bin)  img\mk7_36.e6389298.png
Adding  (bin)  img\mk7_38.a364c650.png
Adding  (bin)  img\mk7_6.be7f35b8.png
Adding  (bin)  img\mk7_8.63d816c0.png
Adding  (bin)  img\mrxy_120_120.e0d62828.png
Adding  (bin)  img\nqqkl_120_120.57663bb3.png
Adding  (bin)  img\pet_1_0_0_0_0.e0d06ee2.png
Adding  (bin)  img\pet_1_1_0_0_0.e0d06ee2.png
Adding  (bin)  img\pet_1_1_1_0_0.05512927.png
Adding  (bin)  img\pet_1_1_1_1_0.ebd0f440.png
Adding  (bin)  img\pet_1_1_1_1_1.1a67004b.png
Adding  (bin)  img\pet_1_2_0_0_0.e0d06ee2.png
Adding  (bin)  img\pet_1_2_1_0_0.797976ea.png
Adding  (bin)  img\pet_1_2_1_1_0.1d991139.png
Adding  (bin)  img\pet_1_2_1_1_1.bec21ad8.png
Adding  (bin)  img\pet_1_3_0_0_0.e0d06ee2.png
Adding  (bin)  img\pet_1_3_1_0_0.9d39a3bc.png
Adding  (bin)  img\pet_1_3_1_1_0.0614c07a.png
Adding  (bin)  img\pet_1_3_1_1_1.dcb10f49.png
Adding  (bin)  img\pet_1_4_0_0_0.e0d06ee2.png
Adding  (bin)  img\pet_1_4_1_0_0.bdd21a88.png
Adding  (bin)  img\pet_1_4_1_1_0.93259cc9.png
Adding  (bin)  img\pet_1_4_1_1_1.592bca83.png
Adding  (bin)  img\pet_2_1_0_0_0.2320c7b1.png
Adding  (bin)  img\pet_2_1_1_0_0.067baf87.png
Adding  (bin)  img\pet_2_1_1_1_0.af375c6e.png
Adding  (bin)  img\pet_2_1_1_1_1.ec9ac4c6.png
Adding  (bin)  img\petbook_1_0_0_0_0.9e7a63ed.png
Adding  (bin)  img\petbook_1_1_0_0_0.9e7a63ed.png
Adding  (bin)  img\petbook_1_1_1_0_0.4e37c036.png
Adding  (bin)  img\petbook_1_1_1_1_0.2fa94692.png
Adding  (bin)  img\petbook_1_1_1_1_1.9ae8d5a2.png
Adding  (bin)  img\petbook_1_2_0_0_0.9e7a63ed.png
Adding  (bin)  img\petbook_1_2_1_0_0.1c711117.png
Adding  (bin)  img\petbook_1_2_1_1_0.927d2990.png
Adding  (bin)  img\petbook_1_2_1_1_1.558fb422.png
Adding  (bin)  img\petbook_1_3_0_0_0.9e7a63ed.png
Adding  (bin)  img\petbook_1_3_1_0_0.83528545.png
Adding  (bin)  img\petbook_1_3_1_1_0.94cafe50.png
Adding  (bin)  img\petbook_1_3_1_1_1.bbc5b495.png
Adding  (bin)  img\petbook_1_4_0_0_0.9e7a63ed.png
Adding  (bin)  img\petbook_1_4_1_0_0.0d68601d.png
Adding  (bin)  img\petbook_1_4_1_1_0.5f9786df.png
Adding  (bin)  img\petbook_1_4_1_1_1.ee7848c6.png
Adding  (bin)  img\petbook_2_1_0_0_0.ff6d2908.png
Adding  (bin)  img\petbook_2_1_1_0_0.aeeb2f52.png
Adding  (bin)  img\petbook_2_1_1_1_0.c7dadbe5.png
Adding  (bin)  img\petbook_2_1_1_1_1.6fa434ae.png
Adding  (bin)  img\prxd_120_120.04207457.png
Adding  (bin)  img\ptsc_120_120.b5130ea7.png
Adding  (bin)  img\pyd_120_120.4fa973a7.png
Adding  (bin)  img\qdxs_120_120.edb5a3a9.png
Adding  (bin)  img\room_suit_bg.7566be28.png
Adding  (bin)  img\shx_120_120.5ca23ae7.png
Adding  (bin)  img\tab_1.1ed0ddcf.png
Adding  (bin)  img\tab_1_1.43765ac3.png
Adding  (bin)  img\tab_2.d74a2dae.png
Adding  (bin)  img\tab_2_1.c87ea464.png
Adding  (bin)  img\tab_3.e3e9cd17.png
Adding  (bin)  img\tab_3_1.3c00c6e3.png
Adding  (bin)  img\tab_4.2364244b.png
Adding  (bin)  img\tab_4_1.7dbdcaff.png
Adding  (bin)  img\tab_5.a45b0bbe.png
Adding  (bin)  img\tab_5_1.c4db52b7.png
Adding  (bin)  img\tab_6.c6f2fc48.png
Adding  (bin)  img\tab_6_1.e86c0781.png
Adding  (bin)  img\tab_7.03436991.png
Adding  (bin)  img\tab_7_1.f1c00b4e.png
Adding  (bin)  img\title_1.0d9de15c.png
Adding  (bin)  img\title_10.29bcc792.png
Adding  (bin)  img\title_11.c2d0e667.png
Adding  (bin)  img\title_2.3b8dc833.png
Adding  (bin)  img\title_20.dac49ec9.png
Adding  (bin)  img\title_21.426cf35d.png
Adding  (bin)  img\title_22.81e6e45c.png
Adding  (bin)  img\title_23.17e139ca.png
Adding  (bin)  img\title_24.806c38b9.png
Adding  (bin)  img\title_25.3c5106dc.png
Adding  (bin)  img\title_26.fec86017.png
Adding  (bin)  img\title_27.343cab4e.png
Adding  (bin)  img\title_28.06e30179.png
Adding  (bin)  img\title_29.3735d117.png
Adding  (bin)  img\title_3.f8b68985.png
Adding  (bin)  img\title_30.1d398377.png
Adding  (bin)  img\title_31.2f2ac651.png
Adding  (bin)  img\title_32.1cd95d13.png
Adding  (bin)  img\title_33.c5df86c9.png
Adding  (bin)  img\title_34.98d9a4d8.png
Adding  (bin)  img\title_35.03263459.png
Adding  (bin)  img\title_36.f54e9037.png
Adding  (bin)  img\title_37.71710a26.png
Adding  (bin)  img\title_38.f743cb44.png
Adding  (bin)  img\title_39.78140620.png
Adding  (bin)  img\title_4.a4fd77f1.png
Adding  (bin)  img\title_40.e8c17345.png
Adding  (bin)  img\title_41.f54e9037.png
Adding  (bin)  img\title_42.e7d3dfb4.png
Adding  (bin)  img\title_5.6fbe80f9.png
Adding  (bin)  img\title_6.4c6e0446.png
Adding  (bin)  img\title_7.afa48dd2.png
Adding  (bin)  img\title_8.27c0aea3.png
Adding  (bin)  img\title_9.a1e75370.png
Adding  (bin)  img\tk_1.db3a80e1.png
Adding  (bin)  img\tk_10.27b8af66.png
Adding  (bin)  img\tk_13.7af577b0.png
Adding  (bin)  img\tk_18.a9922bb1.png
Adding  (bin)  img\tk_19.25914264.png
Adding  (bin)  img\tk_1_1.255be94d.png
Adding  (bin)  img\tk_2.22906b3c.png
Adding  (bin)  img\tk_2_1.a520b718.png
Adding  (bin)  img\tk_3.e4dc1079.png
Adding  (bin)  img\tk_3_1.426769f6.png
Adding  (bin)  img\tk_3_2.1bbdf89e.png
Adding  (bin)  img\tk_3_3.3b5646b8.png
Adding  (bin)  img\tk_4.51b9d0f0.png
Adding  (bin)  img\tk_46.49bdaa9b.png
Adding  (bin)  img\tk_47.871161d0.png
Adding  (bin)  img\tk_5.5d57cd60.png
Adding  (bin)  img\tk_53.5bbabe49.png
Adding  (bin)  img\tk_9.12cab12f.png
Adding  (bin)  img\txj_120_120.2578033d.png
Adding  (bin)  img\user_main_bg.85476a0e.png
Adding  (bin)  img\xhtg_120_120.37f8098d.png
Adding  (bin)  img\zjsc_120_120.7e007ab6.png
Adding  (bin)  img\zs_3.f1b53952.png
Adding  (bin)  img\zs_4.d0bb4e8a.png
Adding  (bin)  img\zxqy_120_120.97657a4b.png
Replacing      index.html
Replacing      js
Adding         js\610-legacy.7be5a7a2.js
Adding         js\610.7be5a7a2.js
Adding         js\632-legacy.9c16e6b0.js
Adding         js\632.9c16e6b0.js
Adding         js\854-legacy.64fc8c93.js
Adding         js\854.64fc8c93.js
Adding         js\928-legacy.a9991fb0.js
Adding         js\928.a9991fb0.js
Adding         js\app-22b2c47c-legacy.2eebce23.js
Adding         js\app-22b2c47c.5f1708d9.js
Adding         js\app-47f7b03a-legacy.2ed64209.js
Adding         js\app-47f7b03a.2ed64209.js
Adding         js\app-49eac513-legacy.e08984a1.js
Adding         js\app-49eac513.e08984a1.js
Adding         js\app-4a64292c-legacy.180e4a7d.js
Adding         js\app-4a64292c.180e4a7d.js
Adding         js\app-5c551db8-legacy.f243037e.js
Adding         js\app-5c551db8.f243037e.js
Adding         js\app-9b3b68d6-legacy.e7ee52f5.js
Adding         js\app-9b3b68d6.e7ee52f5.js
Adding         js\app-b2257a7e-legacy.6eee7ffc.js
Adding         js\app-b2257a7e.6eee7ffc.js
Adding         js\app-d87c119a-legacy.c44cdd52.js
Adding         js\app-d87c119a.c44cdd52.js
Adding         js\app-e843a397-legacy.5d06c09c.js
Adding         js\app-e843a397.5d06c09c.js
Adding         js\app-ee1946ee-legacy.1aa15b90.js
Adding         js\app-ee1946ee.1aa15b90.js
Adding         js\app-f0351e48-legacy.e0fc9e25.js
Adding         js\app-f0351e48.e0fc9e25.js
Adding         js\chunk-libs-1656f0b4-legacy.804763ed.js
Adding         js\chunk-libs-1656f0b4.804763ed.js
Adding         js\chunk-libs-20e1a5b9-legacy.6cb509a8.js
Adding         js\chunk-libs-20e1a5b9.6cb509a8.js
Adding         js\chunk-libs-23132e4f-legacy.c3a9c2ad.js
Adding         js\chunk-libs-23132e4f.c3a9c2ad.js
Adding         js\chunk-libs-7a6313df-legacy.a7b5feeb.js
Adding         js\chunk-libs-7a6313df.a7b5feeb.js
Adding         js\chunk-libs-ad6a2f20-legacy.c17ec137.js
Adding         js\chunk-libs-ad6a2f20.c17ec137.js
Adding         js\chunk-vantUI-legacy.b299bedb.js
Adding         js\chunk-vantUI.b299bedb.js
Transmitting file data .......................................................................................................................................................................................................................................................done
Committing transaction...
Committed revision 51066.
--- STDERR ---
--- END ---

